This is pdfTeX, Version 3.1415926-2.3-1.40.12 (MiKTeX 2.9 64-bit) (preloaded format=latex 2013.9.30)  18 OCT 2013 10:15
entering extended mode
**\scrollmode

*
(Please type a command or say `\end')
*\documentclass[12pt]{article}

*\def\ASYprefix{}
("C:\Program Files\MiKTeX 2.9\tex\latex\base\article.cls"
Document Class: article 2007/10/19 v1.4h Standard LaTeX document class
("C:\Program Files\MiKTeX 2.9\tex\latex\base\size12.clo"
File: size12.clo 2007/10/19 v1.4h Standard LaTeX file (size option)
)
\c@part=\count79
\c@section=\count80
\c@subsection=\count81
\c@subsubsection=\count82
\c@paragraph=\count83
\c@subparagraph=\count84
\c@figure=\count85
\c@table=\count86
\abovecaptionskip=\skip41
\belowcaptionskip=\skip42
\bibindent=\dimen102
)
*\newbox\ASYbox
\ASYbox=\box26

*\newdimen\ASYdimen
\ASYdimen=\dimen103

*\long\def\ASYbase#1#2{\leavevmode\setbox\ASYbox=\hbox{#1}\ASYdimen=\ht\ASYbox%


*\setbox\ASYbox=\hbox{#2}\lower\ASYdimen\box\ASYbox}

*\usepackage{graphicx}

*\begin{document}
("C:\Program Files\MiKTeX 2.9\tex\latex\graphics\graphicx.sty"
Package: graphicx 1999/02/16 v1.0f Enhanced LaTeX Graphics (DPC,SPQR)

("C:\Program Files\MiKTeX 2.9\tex\latex\graphics\keyval.sty"
Package: keyval 1999/03/16 v1.13 key=value parser (DPC)
\KV@toks@=\toks14
)
("C:\Program Files\MiKTeX 2.9\tex\latex\graphics\graphics.sty"
Package: graphics 2009/02/05 v1.0o Standard LaTeX Graphics (DPC,SPQR)

("C:\Program Files\MiKTeX 2.9\tex\latex\graphics\trig.sty"
Package: trig 1999/03/16 v1.09 sin cos tan (DPC)
)
("C:\Program Files\MiKTeX 2.9\tex\latex\00miktex\graphics.cfg"
File: graphics.cfg 2007/01/18 v1.5 graphics configuration of teTeX/TeXLive
)
Package graphics Info: Driver file: dvips.def on input line 91.

("C:\Program Files\MiKTeX 2.9\tex\latex\graphics\dvips.def"
File: dvips.def 1999/02/16 v3.0i Driver-dependant file (DPC,SPQR)
))
\Gin@req@height=\dimen104
\Gin@req@width=\dimen105
)
No file texput.aux.
LaTeX Font Info:    Checking defaults for OML/cmm/m/it on input line 0.
LaTeX Font Info:    ... okay on input line 0.
LaTeX Font Info:    Checking defaults for T1/cmr/m/n on input line 0.
LaTeX Font Info:    ... okay on input line 0.
LaTeX Font Info:    Checking defaults for OT1/cmr/m/n on input line 0.
LaTeX Font Info:    ... okay on input line 0.
LaTeX Font Info:    Checking defaults for OMS/cmsy/m/n on input line 0.
LaTeX Font Info:    ... okay on input line 0.
LaTeX Font Info:    Checking defaults for OMX/cmex/m/n on input line 0.
LaTeX Font Info:    ... okay on input line 0.
LaTeX Font Info:    Checking defaults for U/cmr/m/n on input line 0.
LaTeX Font Info:    ... okay on input line 0.

*\makeatletter%

*\let\ASYencoding\f@encoding%

*\let\ASYfamily\f@family%

*\let\ASYseries\f@series%

*\let\ASYshape\f@shape%

*\makeatother%

*\fontsize{12}{14.4}\selectfont

*\usefont{\ASYencoding}{\ASYfamily}{\ASYseries}{\ASYshape}%

*\setbox\ASYbox=\hbox{$x$}
LaTeX Font Info:    External font `cmex10' loaded for size
(Font)              <12> on input line 0.
LaTeX Font Info:    External font `cmex10' loaded for size
(Font)              <8> on input line 0.
LaTeX Font Info:    External font `cmex10' loaded for size
(Font)              <6> on input line 0.

*
(Please type a command or say `\end')
*\showthe\wd\ASYbox
> 6.67703pt.
<*> \showthe\wd\ASYbox
                      


*
(Please type a command or say `\end')
*\showthe\ht\ASYbox
> 5.16667pt.
<*> \showthe\ht\ASYbox
                      


*
(Please type a command or say `\end')
*\showthe\dp\ASYbox
> 0.0pt.
<*> \showthe\dp\ASYbox
                      


*
(Please type a command or say `\end')
*\fontsize{12}{14.4}\selectfont

*\usefont{\ASYencoding}{\ASYfamily}{\ASYseries}{\ASYshape}%

*\setbox\ASYbox=\hbox{$x$}

*
(Please type a command or say `\end')
*\showthe\wd\ASYbox
> 6.67703pt.
<*> \showthe\wd\ASYbox
                      


*
(Please type a command or say `\end')
*\showthe\ht\ASYbox
> 5.16667pt.
<*> \showthe\ht\ASYbox
                      


*
(Please type a command or say `\end')
*\showthe\dp\ASYbox
> 0.0pt.
<*> \showthe\dp\ASYbox
                      


*
(Please type a command or say `\end')
*\fontsize{12}{14.4}\selectfont

*\usefont{\ASYencoding}{\ASYfamily}{\ASYseries}{\ASYshape}%

*\setbox\ASYbox=\hbox{$x$}

*
(Please type a command or say `\end')
*\showthe\wd\ASYbox
> 6.67703pt.
<*> \showthe\wd\ASYbox
                      


*
(Please type a command or say `\end')
*\showthe\ht\ASYbox
> 5.16667pt.
<*> \showthe\ht\ASYbox
                      


*
(Please type a command or say `\end')
*\showthe\dp\ASYbox
> 0.0pt.
<*> \showthe\dp\ASYbox
                      


*
(Please type a command or say `\end')
*\fontsize{12}{14.4}\selectfont

*\usefont{\ASYencoding}{\ASYfamily}{\ASYseries}{\ASYshape}%

*\setbox\ASYbox=\hbox{$y$}

*
(Please type a command or say `\end')
*\showthe\wd\ASYbox
> 6.15965pt.
<*> \showthe\wd\ASYbox
                      


*
(Please type a command or say `\end')
*\showthe\ht\ASYbox
> 5.16667pt.
<*> \showthe\ht\ASYbox
                      


*
(Please type a command or say `\end')
*\showthe\dp\ASYbox
> 2.33331pt.
<*> \showthe\dp\ASYbox
                      


*
(Please type a command or say `\end')
*\fontsize{12}{14.4}\selectfont

*\usefont{\ASYencoding}{\ASYfamily}{\ASYseries}{\ASYshape}%

*\setbox\ASYbox=\hbox{$x$}

*
(Please type a command or say `\end')
*\showthe\wd\ASYbox
> 6.67703pt.
<*> \showthe\wd\ASYbox
                      


*
(Please type a command or say `\end')
*\showthe\ht\ASYbox
> 5.16667pt.
<*> \showthe\ht\ASYbox
                      


*
(Please type a command or say `\end')
*\showthe\dp\ASYbox
> 0.0pt.
<*> \showthe\dp\ASYbox
                      


*
(Please type a command or say `\end')
*\fontsize{12}{14.4}\selectfont

*\usefont{\ASYencoding}{\ASYfamily}{\ASYseries}{\ASYshape}%

*\setbox\ASYbox=\hbox{$x$}

*
(Please type a command or say `\end')
*\showthe\wd\ASYbox
> 6.67703pt.
<*> \showthe\wd\ASYbox
                      


*
(Please type a command or say `\end')
*\showthe\ht\ASYbox
> 5.16667pt.
<*> \showthe\ht\ASYbox
                      


*
(Please type a command or say `\end')
*\showthe\dp\ASYbox
> 0.0pt.
<*> \showthe\dp\ASYbox
                      


*
(Please type a command or say `\end')
*\fontsize{12}{14.4}\selectfont

*\usefont{\ASYencoding}{\ASYfamily}{\ASYseries}{\ASYshape}%

*\setbox\ASYbox=\hbox{$x$}

*
(Please type a command or say `\end')
*\showthe\wd\ASYbox
> 6.67703pt.
<*> \showthe\wd\ASYbox
                      


*
(Please type a command or say `\end')
*\showthe\ht\ASYbox
> 5.16667pt.
<*> \showthe\ht\ASYbox
                      


*
(Please type a command or say `\end')
*\showthe\dp\ASYbox
> 0.0pt.
<*> \showthe\dp\ASYbox
                      


*
(Please type a command or say `\end')
*\fontsize{12}{14.4}\selectfont

*\usefont{\ASYencoding}{\ASYfamily}{\ASYseries}{\ASYshape}%

*\setbox\ASYbox=\hbox{$y$}

*
(Please type a command or say `\end')
*\showthe\wd\ASYbox
> 6.15965pt.
<*> \showthe\wd\ASYbox
                      


*
(Please type a command or say `\end')
*\showthe\ht\ASYbox
> 5.16667pt.
<*> \showthe\ht\ASYbox
                      


*
(Please type a command or say `\end')
*\showthe\dp\ASYbox
> 2.33331pt.
<*> \showthe\dp\ASYbox
                      


*
(Please type a command or say `\end')
*\fontsize{12}{14.4}\selectfont

*\usefont{\ASYencoding}{\ASYfamily}{\ASYseries}{\ASYshape}%

*\setbox\ASYbox=\hbox{$y$}

*
(Please type a command or say `\end')
*\showthe\wd\ASYbox
> 6.15965pt.
<*> \showthe\wd\ASYbox
                      


*
(Please type a command or say `\end')
*\showthe\ht\ASYbox
> 5.16667pt.
<*> \showthe\ht\ASYbox
                      


*
(Please type a command or say `\end')
*\showthe\dp\ASYbox
> 2.33331pt.
<*> \showthe\dp\ASYbox
                      


*
(Please type a command or say `\end')
*\fontsize{12}{14.4}\selectfont

*\usefont{\ASYencoding}{\ASYfamily}{\ASYseries}{\ASYshape}%

*\setbox\ASYbox=\hbox{$y$}

*
(Please type a command or say `\end')
*\showthe\wd\ASYbox
> 6.15965pt.
<*> \showthe\wd\ASYbox
                      


*
(Please type a command or say `\end')
*\showthe\ht\ASYbox
> 5.16667pt.
<*> \showthe\ht\ASYbox
                      


*
(Please type a command or say `\end')
*\showthe\dp\ASYbox
> 2.33331pt.
<*> \showthe\dp\ASYbox
                      


*
(Please type a command or say `\end')
*\fontsize{12}{14.4}\selectfont

*\usefont{\ASYencoding}{\ASYfamily}{\ASYseries}{\ASYshape}%

*\setbox\ASYbox=\hbox{$x$}

*
(Please type a command or say `\end')
*\showthe\wd\ASYbox
> 6.67703pt.
<*> \showthe\wd\ASYbox
                      


*
(Please type a command or say `\end')
*\showthe\ht\ASYbox
> 5.16667pt.
<*> \showthe\ht\ASYbox
                      


*
(Please type a command or say `\end')
*\showthe\dp\ASYbox
> 0.0pt.
<*> \showthe\dp\ASYbox
                      


*
(Please type a command or say `\end')
*\fontsize{12}{14.4}\selectfont

*\usefont{\ASYencoding}{\ASYfamily}{\ASYseries}{\ASYshape}%

*\setbox\ASYbox=\hbox{$y$}

*
(Please type a command or say `\end')
*\showthe\wd\ASYbox
> 6.15965pt.
<*> \showthe\wd\ASYbox
                      


*
(Please type a command or say `\end')
*\showthe\ht\ASYbox
> 5.16667pt.
<*> \showthe\ht\ASYbox
                      


*
(Please type a command or say `\end')
*\showthe\dp\ASYbox
> 2.33331pt.
<*> \showthe\dp\ASYbox
                      


*
(Please type a command or say `\end')
*\fontsize{12}{14.4}\selectfont

*\usefont{\ASYencoding}{\ASYfamily}{\ASYseries}{\ASYshape}%

*\setbox\ASYbox=\hbox{$y$}

*
(Please type a command or say `\end')
*\showthe\wd\ASYbox
> 6.15965pt.
<*> \showthe\wd\ASYbox
                      


*
(Please type a command or say `\end')
*\showthe\ht\ASYbox
> 5.16667pt.
<*> \showthe\ht\ASYbox
                      


*
(Please type a command or say `\end')
*\showthe\dp\ASYbox
> 2.33331pt.
<*> \showthe\dp\ASYbox
                      


*
(Please type a command or say `\end')
*\setbox\ASYbox=\hbox{$x$}

*
(Please type a command or say `\end')
*\showthe\wd\ASYbox
> 6.67703pt.
<*> \showthe\wd\ASYbox
                      


*
(Please type a command or say `\end')
*\showthe\ht\ASYbox
> 5.16667pt.
<*> \showthe\ht\ASYbox
                      


*
(Please type a command or say `\end')
*\showthe\dp\ASYbox
> 0.0pt.
<*> \showthe\dp\ASYbox
                      


*
(Please type a command or say `\end')
*\fontsize{12}{14.4}\selectfont

*\usefont{\ASYencoding}{\ASYfamily}{\ASYseries}{\ASYshape}%

*\setbox\ASYbox=\hbox{$x$}

*
(Please type a command or say `\end')
*\showthe\wd\ASYbox
> 6.67703pt.
<*> \showthe\wd\ASYbox
                      


*
(Please type a command or say `\end')
*\showthe\ht\ASYbox
> 5.16667pt.
<*> \showthe\ht\ASYbox
                      


*
(Please type a command or say `\end')
*\showthe\dp\ASYbox
> 0.0pt.
<*> \showthe\dp\ASYbox
                      


*
(Please type a command or say `\end')
*\fontsize{12}{14.4}\selectfont

*\usefont{\ASYencoding}{\ASYfamily}{\ASYseries}{\ASYshape}%

*\setbox\ASYbox=\hbox{$y$}

*
(Please type a command or say `\end')
*\showthe\wd\ASYbox
> 6.15965pt.
<*> \showthe\wd\ASYbox
                      


*
(Please type a command or say `\end')
*\showthe\ht\ASYbox
> 5.16667pt.
<*> \showthe\ht\ASYbox
                      


*
(Please type a command or say `\end')
*\showthe\dp\ASYbox
> 2.33331pt.
<*> \showthe\dp\ASYbox
                      


*
(Please type a command or say `\end')
*\fontsize{12}{14.4}\selectfont

*\usefont{\ASYencoding}{\ASYfamily}{\ASYseries}{\ASYshape}%

*\setbox\ASYbox=\hbox{$y$}

*
(Please type a command or say `\end')
*\showthe\wd\ASYbox
> 6.15965pt.
<*> \showthe\wd\ASYbox
                      


*
(Please type a command or say `\end')
*\showthe\ht\ASYbox
> 5.16667pt.
<*> \showthe\ht\ASYbox
                      


*
(Please type a command or say `\end')
*\showthe\dp\ASYbox
> 2.33331pt.
<*> \showthe\dp\ASYbox
                      


*
(Please type a command or say `\end')
*\setbox\ASYbox=\hbox{$x$}

*
(Please type a command or say `\end')
*\showthe\wd\ASYbox
> 6.67703pt.
<*> \showthe\wd\ASYbox
                      


*
(Please type a command or say `\end')
*\showthe\ht\ASYbox
> 5.16667pt.
<*> \showthe\ht\ASYbox
                      


*
(Please type a command or say `\end')
*\showthe\dp\ASYbox
> 0.0pt.
<*> \showthe\dp\ASYbox
                      


*
(Please type a command or say `\end